<?xml version="1.0" encoding="UTF-8"?>
<testsuite name="As a user, I need to authenticate in the web application" tests="1" skipped="0" failures="0" errors="0" timestamp="2024-08-24T05:28:33" hostname="LAPTOP-KK6IIOQ2" time="20.07">
  <properties/>
  <testcase name="Login in Demo DX Hotels" classname="As a user, I need to authenticate in the web application" time="20.07"/>
  <system-out><![CDATA[]]></system-out>
  <system-err><![CDATA[ago 24, 2024 12:28:34 AM org.openqa.selenium.remote.DesiredCapabilities chrome
INFORMACIÓN: Using `new ChromeOptions()` is preferred to `DesiredCapabilities.chrome()`
Starting ChromeDriver 127.0.6533.73 (b59f345ebd6c6bd0b5eb2a715334e912b514773d-refs/branch-heads/6533@{#1761}) on port 50119
Only local connections are allowed.
Please see https://chromedriver.chromium.org/security-considerations for suggestions on keeping ChromeDriver safe.
ChromeDriver was started successfully.
[1724477317.243][WARNING]: This version of ChromeDriver has not been tested with Chrome version 128.
ago 24, 2024 12:28:37 AM org.openqa.selenium.remote.ProtocolHandshake createSession
INFORMACIÓN: Detected dialect: W3C
]]></system-err>
</testsuite>
